#
# An unexpected error has been detected by HotSpot Virtual Machine:
#
#  EXCEPTION_ACCESS_VIOLATION (0xc0000005) at pc=0x0fc7453d, pid=1948, tid=2920
#
# Java VM: Java HotSpot(TM) Client VM (1.5.0-b64 mixed mode)
# Problematic frame:
# C  [mwmlint.dll+0x453d]
#

---------------  T H R E A D  ---------------

Current thread (0x0e6e6b40):  JavaThread "Thread-60" [_thread_in_native, id=2920]

siginfo: ExceptionCode=0xc0000005, reading address 0x00000000

Registers:
EAX=0x1075fb50, EBX=0x7c342955, ECX=0x00000000, EDX=0x00000003
ESP=0x13c81024, EBP=0x00000001, ESI=0x1075fb18, EDI=0x1075ff40
EIP=0x0fc7453d, EFLAGS=0x00010246

Top of Stack: (sp=0x13c81024)
0x13c81024:   13c85ea8 7c342955 1075f3e0 0fc745ea
0x13c81034:   1075fed0 13c85ea8 00000001 1075f3e0
0x13c81044:   0fc7d705 1075f3e0 00000002 00000000
0x13c81054:   0fc7914b 1075f3e0 00000001 13c8fb44
0x13c81064:   00000004 13c8fb0c 00000001 13c81084
0x13c81074:   00000000 00000000 13c8107e 00010000
0x13c81084:   00100006 00a10048 0079003d 010e00d2
0x13c81094:   011200d6 006600db 00dd00ba 00000093 

Instructions: (pc=0x0fc7453d)
0x0fc7452d:   83 c4 08 8b 46 20 66 81 38 35 01 75 38 8b 4e 1c
0x0fc7453d:   66 81 39 35 01 75 2e 66 8b 50 02 66 3b 51 02 75 


Stack: [0x13c10000,0x13c90000),  sp=0x13c81024,  free space=452k
Native frames: (J=compiled Java code, j=interpreted, Vv=VM code, C=native code)
C  [mwmlint.dll+0x453d]

[error occurred during error reporting, step 120, id 0xc0000005]

Java frames: (J=compiled Java code, j=interpreted, Vv=VM code)
j  com.mathworks.widgets.text.mcode.MLint.nativeGetMessages(Ljava/lang/String;Ljava/lang/String;I)Ljava/util/List;+0
J  com.mathworks.widgets.text.mcode.MLint.getMessages(Ljava/lang/String;Ljava/lang/String;)Ljava/util/List;
J  com.mathworks.widgets.text.mcode.MLintDecorator.doMLint()V
v  ~RuntimeStub::alignment_frame_return Runtime1 stub
j  com.mathworks.widgets.text.mcode.MLintDecorator.access$2000(Lcom/mathworks/widgets/text/mcode/MLintDecorator;)V+1
j  com.mathworks.widgets.text.mcode.MLintDecorator$MLintRunnable.run()V+54
j  java.lang.Thread.run()V+11
v  ~StubRoutines::call_stub

---------------  P R O C E S S  ---------------

Java Threads: ( => current thread )
=>0x0e6e6b40 JavaThread "Thread-60" [_thread_in_native, id=2920]
  0x0e6c7690 JavaThread "Timer-9" [_thread_blocked, id=3020]
  0x0e102378 JavaThread "Thread-49" [_thread_blocked, id=3500]
  0x0e6450f8 JavaThread "Thread-47" [_thread_blocked, id=3076]
  0x0e07f420 JavaThread "Thread-46" [_thread_blocked, id=2796]
  0x0e620da8 JavaThread "Thread-45" [_thread_blocked, id=2812]
  0x0e6479c0 JavaThread "Thread-44" [_thread_blocked, id=528]
  0x0e631d40 JavaThread "Thread-43" [_thread_blocked, id=3440]
  0x0e68cc38 JavaThread "Thread-41" [_thread_blocked, id=2696]
  0x0e4318a0 JavaThread "Thread-36" [_thread_blocked, id=3396]
  0x0dcf7eb8 JavaThread "Thread-31" [_thread_blocked, id=4032]
  0x0dcc5208 JavaThread "Thread-28" [_thread_blocked, id=1372]
  0x0dc82630 JavaThread "Text-Layout" [_thread_blocked, id=1360]
  0x0dc838f0 JavaThread "Thread-26" [_thread_blocked, id=2504]
  0x0e396ee0 JavaThread "Prefs Updater" [_thread_blocked, id=2584]
  0x0dbb88e8 JavaThread "Timer-8" [_thread_blocked, id=4072]
  0x0e41c778 JavaThread "Timer queue for AWT thread" daemon [_thread_blocked, id=2772]
  0x0e3e4260 JavaThread "Timer-2" daemon [_thread_blocked, id=3944]
  0x0e296660 JavaThread "TimerQueue" daemon [_thread_blocked, id=2468]
  0x0e293ff0 JavaThread "AWT-EventQueue-0" [_thread_blocked, id=3792]
  0x0e1a2980 JavaThread "Java2D Disposer" daemon [_thread_blocked, id=1848]
  0x0dc29c70 JavaThread "Timer-0" [_thread_blocked, id=2080]
  0x0e03ee38 JavaThread "AWT-Windows" daemon [_thread_in_native, id=2060]
  0x0e03eb80 JavaThread "AWT-Shutdown" [_thread_blocked, id=3756]
  0x036cac40 JavaThread "Low Memory Detector" daemon [_thread_blocked, id=920]
  0x036c6ab8 JavaThread "CompilerThread0" daemon [_thread_blocked, id=476]
  0x036c5db0 JavaThread "Signal Dispatcher" daemon [_thread_blocked, id=4036]
  0x036b6940 JavaThread "Finalizer" daemon [_thread_blocked, id=492]
  0x036b45c8 JavaThread "Reference Handler" daemon [_thread_blocked, id=3220]
  0x002fee10 JavaThread "main" [_thread_in_native, id=3292]

Other Threads:
  0x03671cd0 VMThread [id=3028]
  0x036c5888 WatcherThread [id=3148]

VM state:not at safepoint (normal execution)

VM Mutex/Monitor currently owned by a thread: None

Heap
 def new generation   total 22144K, used 14846K [0x05790000, 0x06f90000, 0x06f90000)
  eden space 19712K,  66% used [0x05790000, 0x06467400, 0x06ad0000)
  from space 2432K,  69% used [0x06ad0000, 0x06c786e8, 0x06d30000)
  to   space 2432K,   0% used [0x06d30000, 0x06d30000, 0x06f90000)
 tenured generation   total 73728K, used 52782K [0x06f90000, 0x0b790000, 0x0b790000)
   the space 73728K,  71% used [0x06f90000, 0x0a31b9a8, 0x0a31ba00, 0x0b790000)
 compacting perm gen  total 23552K, used 23517K [0x0b790000, 0x0ce90000, 0x0d790000)
   the space 23552K,  99% used [0x0b790000, 0x0ce87548, 0x0ce87600, 0x0ce90000)
No shared spaces configured.

Dynamic libraries:
0x00400000 - 0x00506000 	C:\Program Files\MATLAB\R2006a\bin\win32\MATLAB.exe
0x7c920000 - 0x7c9b4000 	C:\WINDOWS\system32\ntdll.dll
0x7c800000 - 0x7c91c000 	C:\WINDOWS\system32\kernel32.dll
0x78740000 - 0x78aa7000 	C:\Program Files\MATLAB\R2006a\bin\win32\m_interpreter.dll
0x78290000 - 0x78430000 	C:\Program Files\MATLAB\R2006a\bin\win32\xerces-c_2_6.dll
0x781f0000 - 0x78284000 	C:\Program Files\MATLAB\R2006a\bin\win32\icuuc32.dll
0x77da0000 - 0x77e49000 	C:\WINDOWS\system32\ADVAPI32.dll
0x77e50000 - 0x77ee1000 	C:\WINDOWS\system32\RPCRT4.dll
0x10000000 - 0x10005000 	C:\Program Files\MATLAB\R2006a\bin\win32\icudt32.dll
0x7c340000 - 0x7c396000 	C:\Program Files\MATLAB\R2006a\bin\win32\MSVCR71.dll
0x78d20000 - 0x78d9b000 	C:\Program Files\MATLAB\R2006a\bin\win32\mlib.dll
0x78440000 - 0x784fa000 	C:\Program Files\MATLAB\R2006a\bin\win32\libut.dll
0x78100000 - 0x781aa000 	C:\Program Files\MATLAB\R2006a\bin\win32\icuin32.dll
0x781b0000 - 0x781bb000 	C:\Program Files\MATLAB\R2006a\bin\win32\icuio32.dll
0x7c3a0000 - 0x7c41b000 	C:\Program Files\MATLAB\R2006a\bin\win32\MSVCP71.dll
0x76c60000 - 0x76c88000 	C:\WINDOWS\system32\imagehlp.dll
0x77be0000 - 0x77c38000 	C:\WINDOWS\system32\msvcrt.dll
0x77d10000 - 0x77d9f000 	C:\WINDOWS\system32\USER32.dll
0x77ef0000 - 0x77f37000 	C:\WINDOWS\system32\GDI32.dll
0x76990000 - 0x76acd000 	C:\WINDOWS\system32\ole32.dll
0x770f0000 - 0x7717c000 	C:\WINDOWS\system32\OLEAUT32.dll
0x78dc0000 - 0x78fe1000 	C:\Program Files\MATLAB\R2006a\bin\win32\libmwservices.dll
0x76320000 - 0x76367000 	C:\WINDOWS\system32\comdlg32.dll
0x77f40000 - 0x77fb6000 	C:\WINDOWS\system32\SHLWAPI.dll
0x5d170000 - 0x5d207000 	C:\WINDOWS\system32\COMCTL32.dll
0x7d590000 - 0x7dd82000 	C:\WINDOWS\system32\SHELL32.dll
0x78500000 - 0x78540000 	C:\Program Files\MATLAB\R2006a\bin\win32\libmx.dll
0x78430000 - 0x7843e000 	C:\Program Files\MATLAB\R2006a\bin\win32\libz.dll
0x00280000 - 0x002de000 	C:\Program Files\MATLAB\R2006a\bin\win32\libmwmathutil.dll
0x78570000 - 0x7858a000 	C:\Program Files\MATLAB\R2006a\bin\win32\mpath.dll
0x5fdd0000 - 0x5fe24000 	C:\WINDOWS\system32\NETAPI32.dll
0x71a20000 - 0x71a37000 	C:\WINDOWS\system32\WS2_32.dll
0x71a10000 - 0x71a18000 	C:\WINDOWS\system32\WS2HELP.dll
0x78cd0000 - 0x78ce4000 	C:\Program Files\MATLAB\R2006a\bin\win32\m_pcodegen.dll
0x78c50000 - 0x78ccc000 	C:\Program Files\MATLAB\R2006a\bin\win32\m_ir.dll
0x78540000 - 0x7854f000 	C:\Program Files\MATLAB\R2006a\bin\win32\libmex.dll
0x786d0000 - 0x78740000 	C:\Program Files\MATLAB\R2006a\bin\win32\m_dispatcher.dll
0x78da0000 - 0x78db6000 	C:\Program Files\MATLAB\R2006a\bin\win32\datasvcs.dll
0x78560000 - 0x7856e000 	C:\Program Files\MATLAB\R2006a\bin\win32\mvalue.dll
0x78cf0000 - 0x78d04000 	C:\Program Files\MATLAB\R2006a\bin\win32\m_pcodeio.dll
0x78ab0000 - 0x78c47000 	C:\Program Files\MATLAB\R2006a\bin\win32\m_parser.dll
0x78d10000 - 0x78d1d000 	C:\Program Files\MATLAB\R2006a\bin\win32\ir_xfmr.dll
0x78590000 - 0x78632000 	C:\Program Files\MATLAB\R2006a\bin\win32\mcos.dll
0x78550000 - 0x7855e000 	C:\Program Files\MATLAB\R2006a\bin\win32\libmat.dll
0x793f0000 - 0x7940d000 	C:\Program Files\MATLAB\R2006a\bin\win32\mcr.dll
0x79ce0000 - 0x79d1b000 	C:\Program Files\MATLAB\R2006a\bin\win32\comcli.dll
0x79cb0000 - 0x79cdb000 	C:\Program Files\MATLAB\R2006a\bin\win32\jmi.dll
0x79d70000 - 0x79d90000 	C:\Program Files\MATLAB\R2006a\bin\win32\bridge.dll
0x78640000 - 0x786c3000 	C:\Program Files\MATLAB\R2006a\bin\win32\udd.dll
0x790e0000 - 0x79158000 	C:\Program Files\MATLAB\R2006a\bin\win32\uiw.dll
0x79160000 - 0x79183000 	C:\Program Files\MATLAB\R2006a\bin\win32\libuij.dll
0x791a0000 - 0x7923d000 	C:\Program Files\MATLAB\R2006a\bin\win32\libmwgui.dll
0x79190000 - 0x79199000 	C:\Program Files\MATLAB\R2006a\bin\win32\uinone.dll
0x793c0000 - 0x793eb000 	C:\Program Files\MATLAB\R2006a\bin\win32\libmwhardcopy.dll
0x7c140000 - 0x7c243000 	C:\Program Files\MATLAB\R2006a\bin\win32\MFC71.DLL
0x72f70000 - 0x72f96000 	C:\WINDOWS\system32\WINSPOOL.DRV
0x7c120000 - 0x7c139000 	C:\Program Files\MATLAB\R2006a\bin\win32\ATL71.DLL
0x79c40000 - 0x79c50000 	C:\Program Files\MATLAB\R2006a\bin\win32\mwoles05.dll
0x79c50000 - 0x79ca5000 	C:\Program Files\MATLAB\R2006a\bin\win32\udd_mi.dll
0x79d20000 - 0x79d29000 	C:\Program Files\MATLAB\R2006a\bin\win32\mlautoregister.dll
0x79240000 - 0x79397000 	C:\Program Files\MATLAB\R2006a\bin\win32\hg.dll
0x79410000 - 0x79582000 	C:\Program Files\MATLAB\R2006a\bin\win32\numerics.dll
0x79b80000 - 0x79b87000 	C:\Program Files\MATLAB\R2006a\bin\win32\libmwamd.dll
0x79b90000 - 0x79bc9000 	C:\Program Files\MATLAB\R2006a\bin\win32\libmwcholmod.dll
0x79bd0000 - 0x79bd6000 	C:\Program Files\MATLAB\R2006a\bin\win32\libmwcolamd.dll
0x79590000 - 0x795b3000 	C:\Program Files\MATLAB\R2006a\bin\win32\libmwlapack.dll
0x795f0000 - 0x79676000 	C:\Program Files\MATLAB\R2006a\bin\win32\libfftw3.dll
0x79680000 - 0x79701000 	C:\Program Files\MATLAB\R2006a\bin\win32\libfftw3f.dll
0x79be0000 - 0x79c35000 	C:\Program Files\MATLAB\R2006a\bin\win32\libmwumfpack.dll
0x76300000 - 0x7631d000 	C:\WINDOWS\system32\IMM32.DLL
0x62c20000 - 0x62c29000 	C:\WINDOWS\system32\LPK.DLL
0x73fa0000 - 0x7400b000 	C:\WINDOWS\system32\USP10.dll
0x77180000 - 0x77282000 	C:\WINDOWS\WinSxS\x86_Microsoft.Windows.Common-Controls_6595b64144ccf1df_6.0.2600.2180_x-ww_a84f1ff9\comctl32.dll
0x7c300000 - 0x7c30a000 	C:\Program Files\MATLAB\R2006a\bin\win32\MFC71CHS.DLL
0x795c0000 - 0x795e8000 	C:\Program Files\MATLAB\R2006a\bin\win32\mkl.dll
0x79710000 - 0x79b7f000 	C:\Program Files\MATLAB\R2006a\bin\win32\lapack.dll
0x01ea0000 - 0x01f4a000 	C:\Program Files\MATLAB\R2006a\bin\win32\libifcoremd.dll
0x01f50000 - 0x02180000 	C:\Program Files\MATLAB\R2006a\bin\win32\libmmd.dll
0x5adc0000 - 0x5adf7000 	C:\WINDOWS\system32\uxtheme.dll
0x741f0000 - 0x741f4000 	C:\WINDOWS\system32\icmp.Dll
0x76d30000 - 0x76d48000 	C:\WINDOWS\system32\iphlpapi.dll
0x77bd0000 - 0x77bd8000 	C:\WINDOWS\system32\VERSION.dll
0x74680000 - 0x746cb000 	C:\WINDOWS\system32\MSCTF.dll
0x37210000 - 0x3729c000 	C:\WINDOWS\DOWNLO~1\CnsMin.dll
0x58000000 - 0x5800e000 	C:\PROGRA~1\3721\helper.dll
0x53000000 - 0x5300b000 	C:\PROGRA~1\Yahoo!\ASSIST~1\Yhelper.dll
0x6d640000 - 0x6d7c5000 	C:\Program Files\MATLAB\R2006a\sys\java\jre\win32\jre1.5.0\bin\client\jvm.dll
0x76b10000 - 0x76b3a000 	C:\WINDOWS\system32\WINMM.dll
0x76d70000 - 0x76d92000 	C:\WINDOWS\system32\apphelp.dll
0x73640000 - 0x7366e000 	C:\WINDOWS\system32\msctfime.ime
0x6d280000 - 0x6d288000 	C:\Program Files\MATLAB\R2006a\sys\java\jre\win32\jre1.5.0\bin\hpi.dll
0x76bc0000 - 0x76bcb000 	C:\WINDOWS\system32\PSAPI.DLL
0x6d610000 - 0x6d61c000 	C:\Program Files\MATLAB\R2006a\sys\java\jre\win32\jre1.5.0\bin\verify.dll
0x6d300000 - 0x6d31d000 	C:\Program Files\MATLAB\R2006a\sys\java\jre\win32\jre1.5.0\bin\java.dll
0x6d630000 - 0x6d63f000 	C:\Program Files\MATLAB\R2006a\sys\java\jre\win32\jre1.5.0\bin\zip.dll
0x79d90000 - 0x79da2000 	C:\Program Files\MATLAB\R2006a\bin\win32\jmi_mi.dll
0x6d000000 - 0x6d166000 	C:\Program Files\MATLAB\R2006a\sys\java\jre\win32\jre1.5.0\bin\awt.dll
0x7ac00000 - 0x7ac0c000 	C:\Program Files\MATLAB\R2006a\bin\win32\nativejava.dll
0x6d240000 - 0x6d27d000 	C:\Program Files\MATLAB\R2006a\sys\java\jre\win32\jre1.5.0\bin\fontmanager.dll
0x6d4c0000 - 0x6d4d3000 	C:\Program Files\MATLAB\R2006a\sys\java\jre\win32\jre1.5.0\bin\net.dll
0x6d4e0000 - 0x6d4e9000 	C:\Program Files\MATLAB\R2006a\sys\java\jre\win32\jre1.5.0\bin\nio.dll
0x0ecb0000 - 0x0ecb5000 	C:\Program Files\MATLAB\R2006a\bin\win32\nativeservices.dll
0x7ac10000 - 0x7ac1c000 	C:\Program Files\MATLAB\R2006a\bin\win32\nativelex.dll
0x5e2e0000 - 0x5e302000 	C:\WINDOWS\System32\spool\DRIVERS\W32X86\3\Ps5ui.dll
0x719c0000 - 0x719fe000 	C:\WINDOWS\System32\mswsock.dll
0x76ef0000 - 0x76f17000 	C:\WINDOWS\system32\DNSAPI.dll
0x76f80000 - 0x76f88000 	C:\WINDOWS\System32\winrnr.dll
0x76f30000 - 0x76f5c000 	C:\WINDOWS\system32\WLDAP32.dll
0x76f90000 - 0x76f96000 	C:\WINDOWS\system32\rasadhlp.dll
0x76060000 - 0x761b6000 	C:\WINDOWS\system32\SETUPAPI.dll
0x76fa0000 - 0x7701f000 	C:\WINDOWS\system32\CLBCATQ.DLL
0x77020000 - 0x770ba000 	C:\WINDOWS\system32\COMRes.dll
0x78ff0000 - 0x790d8000 	C:\Program Files\MATLAB\R2006a\bin\win32\libmwbuiltins.dll
0x0f9f0000 - 0x0fa43000 	C:\Program Files\MATLAB\R2006a\bin\win32\xmlcore.dll
0x0fce0000 - 0x0fce5000 	C:\Program Files\MATLAB\R2006a\toolbox\matlab\timefun\datenummx.mexw32
0x0fc60000 - 0x0fc69000 	C:\Program Files\MATLAB\R2006a\bin\win32\nativemlint.dll
0x0fc70000 - 0x0fc95000 	C:\Program Files\MATLAB\R2006a\bin\win32\mwmlint.dll
0x73200000 - 0x73231000 	C:\WINDOWS\system32\WINWB86.IME
0x4acd0000 - 0x4ad4b000 	C:\WINDOWS\system32\pintlgnt.ime
0x77fc0000 - 0x77fd1000 	C:\WINDOWS\system32\Secur32.dll
0x6d1c0000 - 0x6d1e3000 	C:\Program Files\MATLAB\R2006a\sys\java\jre\win32\jre1.5.0\bin\dcpr.dll
0x7b980000 - 0x7bcff000 	C:\Program Files\MATLAB\R2006a\bin\win32\mkl_p4p.dll
0x7bd80000 - 0x7bdb5000 	C:\Program Files\MATLAB\R2006a\bin\win32\libguide40.dll
0x76960000 - 0x76984000 	C:\WINDOWS\system32\ntshrui.dll
0x76af0000 - 0x76b01000 	C:\WINDOWS\system32\ATL.DLL
0x759d0000 - 0x75a7e000 	C:\WINDOWS\system32\USERENV.dll
0x18f70000 - 0x18f75000 	C:\Program Files\MATLAB\R2006a\toolbox\matlab\sparfun\arpackc.mexw32
0x18fe0000 - 0x19015000 	C:\Program Files\MATLAB\R2006a\bin\win32\libmwarpack.dll

VM Arguments:
jvm_args: -Xss512k -XX:PermSize=16M -Xms64m -Xmx96m -XX:NewRatio=3 -XX:MaxPermSize=32M -Dsun.java2d.noddraw=true -Dsun.awt.nopixfmt=true -Xshare:off -Djava.library.path=C:\Program Files\MATLAB\R2006a\bin\win32 vfprintf abort
java_command: <unknown>

Environment Variables:
PATH=C:\WINDOWS\system32;C:\WINDOWS;C:\WINDOWS\system32\wbem;C:\Program Files\MATLAB\R2006a\bin\win32;C:\Program Files\Microsoft SQL Server\90\Tools\binn\;C:\Program Files\Microsoft SQL Server\80\Tools\BINN
USERNAME=Administrator
OS=Windows_NT
PROCESSOR_IDENTIFIER=x86 Family 6 Model 15 Stepping 13, GenuineIntel


---------------  S Y S T E M  ---------------

OS: Windows XP Build 2600 Service Pack 2

CPU:total 2 family 6, cmov, cx8, fxsr, mmx, sse, sse2, ht

Memory: 4k page, physical 2088176k(1106160k free), swap 4030412k(2775252k free)

vm_info: Java HotSpot(TM) Client VM (1.5.0-b64) for windows-x86, built on Sep 15 2004 03:00:31 by "java_re" with MS VC++ 6.0

